Using pre-set license
Built from '2021.3/staging' branch; Version is '2021.3.0f1 (6eacc8284459) revision 7253192'; Using compiler version '192829333'; Build Type 'Release'
OS: 'Windows 10  (10.0.19044) 64bit Core' Language: 'ko' Physical Memory: 16305 MB
BatchMode: 1, IsHumanControllingUs: 0, StartBugReporterOnCrash: 0, Is64bit: 1, IsPro: 1

COMMAND LINE ARGUMENTS:
C:\Program Files\Unity\Hub\Editor\Unity 2021.3.0f1\Editor\Unity.exe
-adb2
-batchMode
-noUpm
-name
AssetImportWorker2
-projectPath
D:/UnityProject/Cake_Rush/CakeRush
-logFile
Logs/AssetImportWorker2.log
-srvPort
65521
Successfully changed project path to: D:/UnityProject/Cake_Rush/CakeRush
D:/UnityProject/Cake_Rush/CakeRush
[UnityMemory] Configuration Parameters - Can be set up in boot.config
    "memorysetup-bucket-allocator-granularity=16"
    "memorysetup-bucket-allocator-bucket-count=8"
    "memorysetup-bucket-allocator-block-size=33554432"
    "memorysetup-bucket-allocator-block-count=8"
    "memorysetup-main-allocator-block-size=16777216"
    "memorysetup-thread-allocator-block-size=16777216"
    "memorysetup-gfx-main-allocator-block-size=16777216"
    "memorysetup-gfx-thread-allocator-block-size=16777216"
    "memorysetup-cache-allocator-block-size=4194304"
    "memorysetup-typetree-allocator-block-size=2097152"
    "memorysetup-profiler-bucket-allocator-granularity=16"
    "memorysetup-profiler-bucket-allocator-bucket-count=8"
    "memorysetup-profiler-bucket-allocator-block-size=33554432"
    "memorysetup-profiler-bucket-allocator-block-count=8"
    "memorysetup-profiler-allocator-block-size=16777216"
    "memorysetup-profiler-editor-allocator-block-size=1048576"
    "memorysetup-temp-allocator-size-main=16777216"
    "memorysetup-job-temp-allocator-block-size=2097152"
    "memorysetup-job-temp-allocator-block-size-background=1048576"
    "memorysetup-job-temp-allocator-reduction-small-platforms=262144"
    "memorysetup-temp-allocator-size-background-worker=32768"
    "memorysetup-temp-allocator-size-job-worker=262144"
    "memorysetup-temp-allocator-size-preload-manager=33554432"
    "memorysetup-temp-allocator-size-nav-mesh-worker=65536"
    "memorysetup-temp-allocator-size-audio-worker=65536"
    "memorysetup-temp-allocator-size-cloud-worker=32768"
    "memorysetup-temp-allocator-size-gi-baking-worker=262144"
    "memorysetup-temp-allocator-size-gfx=262144"
Refreshing native plugins compatible for Editor in 216.06 ms, found 3 plugins.
Preloading 0 native plugins for Editor in 0.00 ms.
Initialize engine version: 2021.3.0f1 (6eacc8284459)
[Subsystems] Discovering subsystems at path C:/Program Files/Unity/Hub/Editor/Unity 2021.3.0f1/Editor/Data/Resources/UnitySubsystems
[Subsystems] Discovering subsystems at path D:/UnityProject/Cake_Rush/CakeRush/Assets
GfxDevice: creating device client; threaded=0; jobified=0
Direct3D:
    Version:  Direct3D 11.0 [level 11.1]
    Renderer: NVIDIA GeForce RTX 2070 Super with Max-Q Design (ID=0x1ed1)
    Vendor:   NVIDIA
    VRAM:     8011 MB
    Driver:   27.21.14.5167
Initialize mono
Mono path[0] = 'C:/Program Files/Unity/Hub/Editor/Unity 2021.3.0f1/Editor/Data/Managed'
Mono path[1] = 'C:/Program Files/Unity/Hub/Editor/Unity 2021.3.0f1/Editor/Data/MonoBleedingEdge/lib/mono/unityjit-win32'
Mono config path = 'C:/Program Files/Unity/Hub/Editor/Unity 2021.3.0f1/Editor/Data/MonoBleedingEdge/etc'
Using monoOptions --debugger-agent=transport=dt_socket,embedding=1,server=y,suspend=n,address=127.0.0.1:56372
Begin MonoManager ReloadAssembly
Registering precompiled unity dll's ...
Register platform support module: C:/Program Files/Unity/Hub/Editor/Unity 2021.3.0f1/Editor/Data/PlaybackEngines/WindowsStandaloneSupport/UnityEditor.WindowsStandalone.Extensions.dll
Registered in 0.014962 seconds.
Native extension for WindowsStandalone target not found
Refreshing native plugins compatible for Editor in 197.15 ms, found 3 plugins.
Preloading 0 native plugins for Editor in 0.00 ms.
Mono: successfully reloaded assembly
- Completed reload, in  1.044 seconds
Domain Reload Profiling:
	ReloadAssembly (1045ms)
		BeginReloadAssembly (124ms)
			ExecutionOrderSort (0ms)
			DisableScriptedObjects (0ms)
			BackupInstance (0ms)
			ReleaseScriptingObjects (0ms)
			CreateAndSetChildDomain (1ms)
		EndReloadAssembly (739ms)
			LoadAssemblies (119ms)
			RebuildTransferFunctionScriptingTraits (0ms)
			SetupTypeCache (146ms)
			ReleaseScriptCaches (0ms)
			RebuildScriptCaches (40ms)
			SetupLoadedEditorAssemblies (467ms)
				LogAssemblyErrors (0ms)
				InitializePlatformSupportModulesInManaged (12ms)
				SetLoadedEditorAssemblies (0ms)
				RefreshPlugins (197ms)
				BeforeProcessingInitializeOnLoad (2ms)
				ProcessInitializeOnLoadAttributes (179ms)
				ProcessInitializeOnLoadMethodAttributes (77ms)
				AfterProcessingInitializeOnLoad (0ms)
				EditorAssembliesLoaded (0ms)
			ExecutionOrderSort2 (0ms)
			AwakeInstancesAfterBackupRestoration (0ms)
Platform modules already initialized, skipping
Registering precompiled user dll's ...
Registered in 0.010512 seconds.
Begin MonoManager ReloadAssembly
Symbol file LoadedFromMemory doesn't match image D:\UnityProject\Cake_Rush\CakeRush\Library\PackageCache\com.unity.visualscripting@1.7.6\Editor\VisualScripting.Core\Dependencies\YamlDotNet\Unity.VisualScripting.YamlDotNet.dll
Symbol file LoadedFromMemory is not a mono symbol file
Symbol file LoadedFromMemory doesn't match image D:\UnityProject\Cake_Rush\CakeRush\Library\PackageCache\com.unity.visualscripting@1.7.6\Editor\VisualScripting.Core\Dependencies\DotNetZip\Unity.VisualScripting.IonicZip.dll
Native extension for WindowsStandalone target not found
Refreshing native plugins compatible for Editor in 1.49 ms, found 3 plugins.
Preloading 0 native plugins for Editor in 0.00 ms.
Mono: successfully reloaded assembly
- Completed reload, in  1.653 seconds
Domain Reload Profiling:
	ReloadAssembly (1654ms)
		BeginReloadAssembly (182ms)
			ExecutionOrderSort (0ms)
			DisableScriptedObjects (16ms)
			BackupInstance (0ms)
			ReleaseScriptingObjects (0ms)
			CreateAndSetChildDomain (24ms)
		EndReloadAssembly (1265ms)
			LoadAssemblies (141ms)
			RebuildTransferFunctionScriptingTraits (0ms)
			SetupTypeCache (390ms)
			ReleaseScriptCaches (1ms)
			RebuildScriptCaches (84ms)
			SetupLoadedEditorAssemblies (603ms)
				LogAssemblyErrors (0ms)
				InitializePlatformSupportModulesInManaged (12ms)
				SetLoadedEditorAssemblies (1ms)
				RefreshPlugins (2ms)
				BeforeProcessingInitializeOnLoad (131ms)
				ProcessInitializeOnLoadAttributes (401ms)
				ProcessInitializeOnLoadMethodAttributes (38ms)
				AfterProcessingInitializeOnLoad (18ms)
				EditorAssembliesLoaded (0ms)
			ExecutionOrderSort2 (0ms)
			AwakeInstancesAfterBackupRestoration (8ms)
Platform modules already initialized, skipping
========================================================================
Worker process is ready to serve import requests
Launched and connected shader compiler UnityShaderCompiler.exe after 0.10 seconds
Refreshing native plugins compatible for Editor in 8.82 ms, found 3 plugins.
Preloading 0 native plugins for Editor in 0.00 ms.
Unloading 3668 Unused Serialized files (Serialized files now loaded: 0)
Unloading 36 unused Assets / (497.7 KB). Loaded Objects now: 4156.
Memory consumption went from 160.4 MB to 159.9 MB.
Total: 4.213600 ms (FindLiveObjects: 0.356500 ms CreateObjectMapping: 0.300400 ms MarkObjects: 3.250300 ms  DeleteObjects: 0.305300 ms)

AssetImportParameters requested are different than current active one (requested -> active):
  custom:video-decoder-ogg-theora: a1e56fd34408186e4bbccfd4996cb3dc -> 
  custom:container-muxer-webm: aa71ff27fc2769a1b78a27578f13a17b -> 
  custom:container-demuxer-webm: 4f35f7cbe854078d1ac9338744f61a02 -> 
  custom:video-encoder-webm-vp8: eb34c28f22e8b96e1ab97ce403110664 -> 
  custom:video-codec-MediaFoundation-h265: 746d11721c4dcdbdad8f713fa42b33f4 -> 
  custom:audio-encoder-webm-vorbis: bf7c407c2cedff20999df2af8eb42d56 -> 
  custom:framework-win-MediaFoundation: 216162199b28c13a410421893ffa2e32 -> 
  custom:container-demuxer-ogg: 62fdf1f143b41e24485cea50d1cbac27 -> 
  custom:video-decoder-webm-vp8: 9c59270c3fd7afecdb556c50c9e8de78 -> 
  custom:audio-decoder-ogg-vorbis: bf7c407c2cedff20999df2af8eb42d56 -> 
========================================================================
Received Import Request.
  Time since last request: 176252.762425 seconds.
  path: Assets/Scenes/MapScene/WorldScene_Settings.lighting
  artifactKey: Guid(61d2f7c9d70463448b1db07db00724d6) Importer(815301076,1909f56bfc062723c751e8b465ee728b)
Start importing Assets/Scenes/MapScene/WorldScene_Settings.lighting using Guid(61d2f7c9d70463448b1db07db00724d6) Importer(815301076,1909f56bfc062723c751e8b465ee728b) LightingSettings: switching bake backend from 1 to 0.
 -> (artifact id: 'c6dc39b1c1832071a3ad8a26962b88c8') in 0.049366 seconds 
========================================================================
Received Import Request.
  Time since last request: 3.829711 seconds.
  path: Assets/Scenes/MapScene/WorldScene.unity
  artifactKey: Guid(b229ab1373efae0459ff8054ed92598f) Importer(815301076,1909f56bfc062723c751e8b465ee728b)
Start importing Assets/Scenes/MapScene/WorldScene.unity using Guid(b229ab1373efae0459ff8054ed92598f) Importer(815301076,1909f56bfc062723c751e8b465ee728b)  -> (artifact id: '5d3aa5c5729f234ac6544bf658d543c3') in 0.010825 seconds 
========================================================================
Received Import Request.
  Time since last request: 5.227900 seconds.
  path: Assets/Scenes/MapScene/GameScene.unity
  artifactKey: Guid(c01d45eeded2f6648bfd9a52a0c03ac6) Importer(815301076,1909f56bfc062723c751e8b465ee728b)
Start importing Assets/Scenes/MapScene/GameScene.unity using Guid(c01d45eeded2f6648bfd9a52a0c03ac6) Importer(815301076,1909f56bfc062723c751e8b465ee728b)  -> (artifact id: 'dccf6146fcf5e7891524d7eb77a839b1') in 0.009638 seconds 
========================================================================
Received Import Request.
  Time since last request: 75.953111 seconds.
  path: Assets/Scenes/MapScene/WorldScene.unity
  artifactKey: Guid(b229ab1373efae0459ff8054ed92598f) Importer(815301076,1909f56bfc062723c751e8b465ee728b)
Start importing Assets/Scenes/MapScene/WorldScene.unity using Guid(b229ab1373efae0459ff8054ed92598f) Importer(815301076,1909f56bfc062723c751e8b465ee728b)  -> (artifact id: '1e28db1ad472e4e0036b664f2fd1ae07') in 0.003200 seconds 
========================================================================
Received Import Request.
  Time since last request: 22.705860 seconds.
  path: Assets/Scenes/MapScene/GameScene.unity
  artifactKey: Guid(c01d45eeded2f6648bfd9a52a0c03ac6) Importer(815301076,1909f56bfc062723c751e8b465ee728b)
Start importing Assets/Scenes/MapScene/GameScene.unity using Guid(c01d45eeded2f6648bfd9a52a0c03ac6) Importer(815301076,1909f56bfc062723c751e8b465ee728b)  -> (artifact id: 'b5df7505efdddd9731b4221483a6ed8a') in 0.004316 seconds 
========================================================================
Received Import Request.
  Time since last request: 15.473709 seconds.
  path: Assets/Scenes/OldMapScene
  artifactKey: Guid(ca089d63109031440b0e1b10bcea8879) Importer(815301076,1909f56bfc062723c751e8b465ee728b)
Start importing Assets/Scenes/OldMapScene using Guid(ca089d63109031440b0e1b10bcea8879) Importer(815301076,1909f56bfc062723c751e8b465ee728b)  -> (artifact id: '172b86f77b395558085447df829edc57') in 0.008103 seconds 
========================================================================
Received Import Request.
  Time since last request: 4.396881 seconds.
  path: Assets/Scenes/Jake48
  artifactKey: Guid(f2297be969e5a4aeb8cafa6278b7752c) Importer(815301076,1909f56bfc062723c751e8b465ee728b)
Start importing Assets/Scenes/Jake48 using Guid(f2297be969e5a4aeb8cafa6278b7752c) Importer(815301076,1909f56bfc062723c751e8b465ee728b)  -> (artifact id: 'e038a4c3725932ec67a8047224762deb') in 0.007819 seconds 
========================================================================
Received Import Request.
  Time since last request: 1.793939 seconds.
  path: Assets/Scenes/Jake48/Objects_LineUp.unity
  artifactKey: Guid(f069f90c98e53a140852ed199a5e20e6) Importer(815301076,1909f56bfc062723c751e8b465ee728b)
Start importing Assets/Scenes/Jake48/Objects_LineUp.unity using Guid(f069f90c98e53a140852ed199a5e20e6) Importer(815301076,1909f56bfc062723c751e8b465ee728b)  -> (artifact id: '6c0602497944f2821e8a8a1911568f0c') in 0.010880 seconds 
========================================================================
Received Import Request.
  Time since last request: 0.699948 seconds.
  path: Assets/Scenes/Jake48/Jake_WorldScene.unity
  artifactKey: Guid(658b256536b25ae43ae6333dbe378fb8) Importer(815301076,1909f56bfc062723c751e8b465ee728b)
Start importing Assets/Scenes/Jake48/Jake_WorldScene.unity using Guid(658b256536b25ae43ae6333dbe378fb8) Importer(815301076,1909f56bfc062723c751e8b465ee728b)  -> (artifact id: 'f9c9a50619ecf3da3268a60c2ebe606b') in 0.010259 seconds 
========================================================================
Received Import Request.
  Time since last request: 3.381238 seconds.
  path: Assets/Scenes/Jake48/Jake48.unity
  artifactKey: Guid(ea05e56598e69664f837cfff5d5c708e) Importer(815301076,1909f56bfc062723c751e8b465ee728b)
Start importing Assets/Scenes/Jake48/Jake48.unity using Guid(ea05e56598e69664f837cfff5d5c708e) Importer(815301076,1909f56bfc062723c751e8b465ee728b)  -> (artifact id: '7ecf7094563726a206a2054a5fa2272b') in 0.009364 seconds 
========================================================================
Received Import Request.
  Time since last request: 24.953525 seconds.
  path: Assets/Scenes/OriginMapScene
  artifactKey: Guid(ca089d63109031440b0e1b10bcea8879) Importer(815301076,1909f56bfc062723c751e8b465ee728b)
Start importing Assets/Scenes/OriginMapScene using Guid(ca089d63109031440b0e1b10bcea8879) Importer(815301076,1909f56bfc062723c751e8b465ee728b)  -> (artifact id: '2ca7f705e137e2457a1e49142d8a8c4c') in 0.010435 seconds 
========================================================================
Received Import Request.
  Time since last request: 3.795146 seconds.
  path: Assets/Scenes/Cakes
  artifactKey: Guid(82623895aaf854048bebdee1a15502b3) Importer(815301076,1909f56bfc062723c751e8b465ee728b)
Start importing Assets/Scenes/Cakes using Guid(82623895aaf854048bebdee1a15502b3) Importer(815301076,1909f56bfc062723c751e8b465ee728b)  -> (artifact id: '72b23f5d5ee590acbe8f1228d30366c3') in 0.008976 seconds 
